<?xml version="1.0" encoding="UTF-8"?>
<!-- Generated by org.testng.reporters.JUnitReportReporter -->
<testsuite skipped="0" hostname="SM-5016" name="VGIS.qa.Test.VonageLoginTest" tests="2" failures="0" timestamp="19 Sep 2019 10:18:54 GMT" time="41.283" errors="0">
  <testcase name="loginPageSignUp" time="20.877" classname="VGIS.qa.Test.VonageLoginTest"/>
  <testcase name="crmLogoImageTest" time="20.406" classname="VGIS.qa.Test.VonageLoginTest"/>
</testsuite> <!-- VGIS.qa.Test.VonageLoginTest -->
