<?xml version="1.0" encoding="UTF-8"?>
<!-- Generated by org.testng.reporters.JUnitReportReporter -->
<testsuite skipped="0" hostname="SM-5016" name="VGIS.qa.Test.LoginPageTest" tests="1" failures="0" timestamp="19 Sep 2019 10:43:11 GMT" time="27.515" errors="0">
  <testcase name="loginPageSignUp" time="27.515" classname="VGIS.qa.Test.LoginPageTest"/>
</testsuite> <!-- VGIS.qa.Test.LoginPageTest -->
