<?xml version="1.0" encoding="UTF-8"?>
<!-- Generated by org.testng.reporters.JUnitReportReporter -->
<testsuite skipped="0" hostname="SM-5016" name="VGIS.qa.Test.VonageLoginTest" tests="2" failures="0" timestamp="19 Sep 2019 10:43:11 GMT" time="39.104" errors="0">
  <testcase name="loginPageSignUp" time="20.202" classname="VGIS.qa.Test.VonageLoginTest"/>
  <testcase name="crmLogoImageTest" time="18.902" classname="VGIS.qa.Test.VonageLoginTest"/>
</testsuite> <!-- VGIS.qa.Test.VonageLoginTest -->
